2023-09-27 09:04:12,676 - DEBUG - Data_Model.py - write_to_logger -30280 - Start Data Memo Transfer.
2023-09-27 09:04:32,723 - DEBUG - Data_Model.py - write_to_logger -43284 - Start Data Memo Transfer.
2023-09-27 09:06:08,621 - DEBUG - Data_Model.py - write_to_logger -43284 - Log in to diamond
2023-09-27 09:06:08,624 - DEBUG - Data_Model.py - write_to_logger -43284 - Ask experiment ID to diamond
2023-09-27 09:08:22,530 - DEBUG - Data_Model.py - write_to_logger -21868 - Start Data Memo Transfer.
2023-09-27 09:08:29,564 - DEBUG - Data_Model.py - write_to_logger -21868 - Log in to diamond
2023-09-27 09:08:29,567 - DEBUG - Data_Model.py - write_to_logger -21868 - Ask experiment ID to diamond
2023-09-27 09:08:40,297 - DEBUG - Data_Model.py - write_to_logger -21868 - finish initialization.
2023-09-27 09:08:40,300 - DEBUG - Data_Model.py - write_to_logger -21868 - save temporary
2023-09-27 09:08:40,321 - DEBUG - Data_Model.py - write_to_logger -21868 - Start to initialize forms.
2023-09-27 09:08:40,337 - DEBUG - Data_Model.py - write_to_logger -21868 - finish initializing main window forms
2023-09-27 09:08:40,338 - DEBUG - Data_Model.py - write_to_logger -21868 - start refresh files
2023-09-27 09:08:40,338 - DEBUG - Data_Model.py - write_to_logger -21868 - Save directory: C:/Users/yutay/Documents/test/
2023-09-27 09:08:40,444 - DEBUG - Data_Model.py - write_to_logger -21868 - save temporary
2023-09-27 09:08:40,445 - DEBUG - Data_Model.py - write_to_logger -21868 - end refresh files
2023-09-27 09:08:42,375 - DEBUG - Data_Model.py - write_to_logger -21868 - Finish experiment procedure starting.
2023-09-27 09:08:45,865 - DEBUG - Data_Model.py - write_to_logger -21868 - save temporary
2023-09-27 09:08:45,867 - DEBUG - Data_Model.py - write_to_logger -21868 - save temporary
2023-09-27 09:08:45,868 - DEBUG - Data_Model.py - write_to_logger -21868 - save temporary
2023-09-27 09:08:45,870 - DEBUG - Data_Model.py - write_to_logger -21868 - save temporary
2023-09-27 09:08:45,873 - DEBUG - Data_Model.py - write_to_logger -21868 - save temporary
2023-09-27 09:08:45,874 - DEBUG - Data_Model.py - write_to_logger -21868 - save temporary
2023-09-27 09:08:45,876 - DEBUG - Data_Model.py - write_to_logger -21868 - save temporary
2023-09-27 09:08:45,877 - DEBUG - Data_Model.py - write_to_logger -21868 - save temporary
2023-09-27 09:08:45,879 - DEBUG - Data_Model.py - write_to_logger -21868 - save temporary
2023-09-27 09:08:49,622 - DEBUG - Data_Model.py - write_to_logger -21868 - any error occurs: Internal Server Error. Please contact the administrator..
2023-09-27 09:09:47,424 - DEBUG - Data_Model.py - write_to_logger -21868 - Finish experiment procedure starting.
2023-09-27 09:09:52,725 - DEBUG - Data_Model.py - write_to_logger -21868 - any error occurs: Internal Server Error. Please contact the administrator..
2023-09-27 09:10:16,331 - DEBUG - Data_Model.py - write_to_logger -21868 - Finish experiment procedure starting.
2023-09-27 09:11:12,818 - DEBUG - Data_Model.py - write_to_logger -18132 - Start Data Memo Transfer.
2023-09-27 09:11:25,857 - DEBUG - Data_Model.py - write_to_logger -18132 - Log in to diamond
2023-09-27 09:11:25,857 - DEBUG - Data_Model.py - write_to_logger -18132 - Ask experiment ID to diamond
2023-09-27 09:11:50,420 - DEBUG - Data_Model.py - write_to_logger -18132 - Log in to diamond
2023-09-27 09:11:50,420 - DEBUG - Data_Model.py - write_to_logger -18132 - Ask experiment ID to diamond
2023-09-27 09:12:03,535 - DEBUG - Data_Model.py - write_to_logger -18132 - failed to load temporary
2023-09-27 09:12:03,536 - DEBUG - Data_Model.py - write_to_logger -18132 - save temporary
2023-09-27 09:12:10,377 - DEBUG - Data_Model.py - write_to_logger -18132 - finish initialization.
2023-09-27 09:12:10,378 - DEBUG - Data_Model.py - write_to_logger -18132 - save temporary
2023-09-27 09:12:10,389 - DEBUG - Data_Model.py - write_to_logger -18132 - Start to initialize forms.
2023-09-27 09:12:10,405 - DEBUG - Data_Model.py - write_to_logger -18132 - finish initializing main window forms
2023-09-27 09:12:10,405 - DEBUG - Data_Model.py - write_to_logger -18132 - start refresh files
2023-09-27 09:12:10,406 - DEBUG - Data_Model.py - write_to_logger -18132 - Save directory: C:/Users/yutay/Documents/test/
2023-09-27 09:12:10,519 - DEBUG - Data_Model.py - write_to_logger -18132 - save temporary
2023-09-27 09:12:10,520 - DEBUG - Data_Model.py - write_to_logger -18132 - end refresh files
2023-09-27 09:12:13,979 - DEBUG - Data_Model.py - write_to_logger -18132 - save temporary
2023-09-27 09:12:15,414 - DEBUG - Data_Model.py - write_to_logger -18132 - save temporary
2023-09-27 09:12:15,428 - DEBUG - Data_Model.py - write_to_logger -18132 - save temporary
2023-09-27 09:12:15,431 - DEBUG - Data_Model.py - write_to_logger -18132 - save temporary
2023-09-27 09:12:15,447 - DEBUG - Data_Model.py - write_to_logger -18132 - save temporary
2023-09-27 09:12:15,459 - DEBUG - Data_Model.py - write_to_logger -18132 - save temporary
2023-09-27 09:12:15,483 - DEBUG - Data_Model.py - write_to_logger -18132 - save temporary
2023-09-27 09:12:15,496 - DEBUG - Data_Model.py - write_to_logger -18132 - save temporary
2023-09-27 09:12:15,508 - DEBUG - Data_Model.py - write_to_logger -18132 - save temporary
2023-09-27 09:12:15,514 - DEBUG - Data_Model.py - write_to_logger -18132 - save temporary
2023-09-27 09:12:17,061 - DEBUG - Data_Model.py - write_to_logger -18132 - Finish experiment procedure starting.
2023-09-27 09:12:25,384 - DEBUG - Data_Model.py - write_to_logger -18132 - Finish all procedure.
2023-09-27 09:34:51,486 - DEBUG - Data_Model.py - write_to_logger -4088 - Start Data Memo Transfer.
2023-09-27 09:35:01,493 - DEBUG - Data_Model.py - write_to_logger -4088 - Log in to diamond
2023-09-27 09:35:01,494 - DEBUG - Data_Model.py - write_to_logger -4088 - Ask experiment ID to diamond
2023-09-27 09:35:09,069 - DEBUG - Data_Model.py - write_to_logger -4088 - failed to load temporary
2023-09-27 09:35:09,069 - DEBUG - Data_Model.py - write_to_logger -4088 - save temporary
2023-09-27 09:35:15,358 - DEBUG - Data_Model.py - write_to_logger -4088 - finish initialization.
2023-09-27 09:35:15,360 - DEBUG - Data_Model.py - write_to_logger -4088 - save temporary
2023-09-27 09:35:15,371 - DEBUG - Data_Model.py - write_to_logger -4088 - Start to initialize forms.
2023-09-27 09:35:15,384 - DEBUG - Data_Model.py - write_to_logger -4088 - finish initializing main window forms
2023-09-27 09:35:15,384 - DEBUG - Data_Model.py - write_to_logger -4088 - start refresh files
2023-09-27 09:35:15,385 - DEBUG - Data_Model.py - write_to_logger -4088 - Save directory: C:/Users/yutay/Documents/test/
2023-09-27 09:35:15,496 - DEBUG - Data_Model.py - write_to_logger -4088 - save temporary
2023-09-27 09:35:15,497 - DEBUG - Data_Model.py - write_to_logger -4088 - end refresh files
2023-09-27 09:35:20,399 - DEBUG - Data_Model.py - write_to_logger -4088 - save temporary
2023-09-27 09:35:20,400 - DEBUG - Data_Model.py - write_to_logger -4088 - save temporary
2023-09-27 09:35:20,416 - DEBUG - Data_Model.py - write_to_logger -4088 - save temporary
2023-09-27 09:35:20,428 - DEBUG - Data_Model.py - write_to_logger -4088 - save temporary
2023-09-27 09:35:20,429 - DEBUG - Data_Model.py - write_to_logger -4088 - save temporary
2023-09-27 09:35:20,444 - DEBUG - Data_Model.py - write_to_logger -4088 - save temporary
2023-09-27 09:35:20,462 - DEBUG - Data_Model.py - write_to_logger -4088 - save temporary
2023-09-27 09:35:20,479 - DEBUG - Data_Model.py - write_to_logger -4088 - save temporary
2023-09-27 09:35:20,496 - DEBUG - Data_Model.py - write_to_logger -4088 - save temporary
2023-09-27 09:35:22,837 - DEBUG - Data_Model.py - write_to_logger -4088 - Finish experiment procedure starting.
2023-09-27 09:35:29,579 - DEBUG - Data_Model.py - write_to_logger -4088 - Finish all procedure.
2023-09-27 09:42:48,519 - DEBUG - Data_Model.py - write_to_logger -50680 - Start Data Memo Transfer.
2023-09-27 09:43:01,995 - DEBUG - Data_Model.py - write_to_logger -50680 - Log in to diamond
2023-09-27 09:43:01,996 - DEBUG - Data_Model.py - write_to_logger -50680 - Ask experiment ID to diamond
2023-09-27 09:43:25,687 - DEBUG - Data_Model.py - write_to_logger -50680 - Log in to diamond
2023-09-27 09:43:25,688 - DEBUG - Data_Model.py - write_to_logger -50680 - Ask experiment ID to diamond
2023-09-27 09:43:35,379 - DEBUG - Data_Model.py - write_to_logger -50680 - failed to load temporary
2023-09-27 09:43:35,380 - DEBUG - Data_Model.py - write_to_logger -50680 - save temporary
2023-09-27 09:43:42,053 - DEBUG - Data_Model.py - write_to_logger -50680 - finish initialization.
2023-09-27 09:43:42,055 - DEBUG - Data_Model.py - write_to_logger -50680 - save temporary
2023-09-27 09:43:42,066 - DEBUG - Data_Model.py - write_to_logger -50680 - Start to initialize forms.
2023-09-27 09:43:42,078 - DEBUG - Data_Model.py - write_to_logger -50680 - finish initializing main window forms
2023-09-27 09:43:42,078 - DEBUG - Data_Model.py - write_to_logger -50680 - start refresh files
2023-09-27 09:43:42,079 - DEBUG - Data_Model.py - write_to_logger -50680 - Save directory: C:/Users/yutay/Documents/test/
2023-09-27 09:43:42,169 - DEBUG - Data_Model.py - write_to_logger -50680 - save temporary
2023-09-27 09:43:42,170 - DEBUG - Data_Model.py - write_to_logger -50680 - end refresh files
2023-09-27 09:43:47,085 - DEBUG - Data_Model.py - write_to_logger -50680 - save temporary
2023-09-27 09:43:47,103 - DEBUG - Data_Model.py - write_to_logger -50680 - save temporary
2023-09-27 09:43:47,107 - DEBUG - Data_Model.py - write_to_logger -50680 - save temporary
2023-09-27 09:43:47,116 - DEBUG - Data_Model.py - write_to_logger -50680 - save temporary
2023-09-27 09:43:47,118 - DEBUG - Data_Model.py - write_to_logger -50680 - save temporary
2023-09-27 09:43:47,132 - DEBUG - Data_Model.py - write_to_logger -50680 - save temporary
2023-09-27 09:43:47,133 - DEBUG - Data_Model.py - write_to_logger -50680 - save temporary
2023-09-27 09:43:47,148 - DEBUG - Data_Model.py - write_to_logger -50680 - save temporary
2023-09-27 09:43:47,163 - DEBUG - Data_Model.py - write_to_logger -50680 - save temporary
2023-09-27 09:43:48,224 - DEBUG - Data_Model.py - write_to_logger -50680 - Finish experiment procedure starting.
2023-09-27 09:43:54,865 - DEBUG - Data_Model.py - write_to_logger -50680 - Finish all procedure.
2023-09-27 09:47:15,352 - DEBUG - Data_Model.py - write_to_logger -13624 - Start Data Memo Transfer.
2023-09-27 09:48:56,496 - DEBUG - Data_Model.py - write_to_logger -13624 - Log in to diamond
2023-09-27 09:48:56,497 - DEBUG - Data_Model.py - write_to_logger -13624 - Ask experiment ID to diamond
2023-09-27 09:49:04,255 - DEBUG - Data_Model.py - write_to_logger -13624 - load temporary
2023-09-27 09:49:04,256 - DEBUG - Data_Model.py - write_to_logger -13624 - save temporary
2023-09-27 09:49:06,933 - DEBUG - Data_Model.py - write_to_logger -13624 - finish initialization.
2023-09-27 09:49:06,936 - DEBUG - Data_Model.py - write_to_logger -13624 - save temporary
2023-09-27 09:49:06,947 - DEBUG - Data_Model.py - write_to_logger -13624 - Start to initialize forms.
2023-09-27 09:49:06,961 - DEBUG - Data_Model.py - write_to_logger -13624 - finish initializing main window forms
2023-09-27 09:49:06,961 - DEBUG - Data_Model.py - write_to_logger -13624 - start refresh files
2023-09-27 09:49:06,962 - DEBUG - Data_Model.py - write_to_logger -13624 - Save directory: C:/Users/yutay/Documents/test/
2023-09-27 09:49:07,066 - DEBUG - Data_Model.py - write_to_logger -13624 - save temporary
2023-09-27 09:49:07,067 - DEBUG - Data_Model.py - write_to_logger -13624 - end refresh files
2023-09-27 09:49:11,963 - DEBUG - Data_Model.py - write_to_logger -13624 - save temporary
2023-09-27 09:49:11,980 - DEBUG - Data_Model.py - write_to_logger -13624 - save temporary
2023-09-27 09:49:11,993 - DEBUG - Data_Model.py - write_to_logger -13624 - save temporary
2023-09-27 09:49:12,009 - DEBUG - Data_Model.py - write_to_logger -13624 - save temporary
2023-09-27 09:49:12,012 - DEBUG - Data_Model.py - write_to_logger -13624 - save temporary
2023-09-27 09:49:12,023 - DEBUG - Data_Model.py - write_to_logger -13624 - save temporary
2023-09-27 09:49:12,038 - DEBUG - Data_Model.py - write_to_logger -13624 - save temporary
2023-09-27 09:49:12,056 - DEBUG - Data_Model.py - write_to_logger -13624 - save temporary
2023-09-27 09:49:12,058 - DEBUG - Data_Model.py - write_to_logger -13624 - save temporary
2023-09-27 09:49:33,735 - DEBUG - Data_Model.py - write_to_logger -13624 - Finish experiment procedure starting.
2023-09-27 09:49:42,197 - DEBUG - Data_Model.py - write_to_logger -13624 - Finish all procedure.
2023-09-27 09:54:41,753 - DEBUG - Data_Model.py - write_to_logger -49832 - Start Data Memo Transfer.
2023-09-27 09:54:55,730 - DEBUG - Data_Model.py - write_to_logger -49832 - Log in to diamond
2023-09-27 09:54:55,731 - DEBUG - Data_Model.py - write_to_logger -49832 - Ask experiment ID to diamond
2023-09-27 09:55:03,173 - DEBUG - Data_Model.py - write_to_logger -49832 - load temporary
2023-09-27 09:55:03,173 - DEBUG - Data_Model.py - write_to_logger -49832 - save temporary
2023-09-27 09:55:05,702 - DEBUG - Data_Model.py - write_to_logger -49832 - finish initialization.
2023-09-27 09:55:05,704 - DEBUG - Data_Model.py - write_to_logger -49832 - save temporary
2023-09-27 09:55:05,718 - DEBUG - Data_Model.py - write_to_logger -49832 - Start to initialize forms.
2023-09-27 09:55:05,735 - DEBUG - Data_Model.py - write_to_logger -49832 - finish initializing main window forms
2023-09-27 09:55:05,735 - DEBUG - Data_Model.py - write_to_logger -49832 - start refresh files
2023-09-27 09:55:05,736 - DEBUG - Data_Model.py - write_to_logger -49832 - Save directory: C:/Users/yutay/Documents/test/
2023-09-27 09:55:05,832 - DEBUG - Data_Model.py - write_to_logger -49832 - save temporary
2023-09-27 09:55:05,832 - DEBUG - Data_Model.py - write_to_logger -49832 - end refresh files
2023-09-27 09:55:10,741 - DEBUG - Data_Model.py - write_to_logger -49832 - save temporary
2023-09-27 09:55:10,758 - DEBUG - Data_Model.py - write_to_logger -49832 - save temporary
2023-09-27 09:55:10,773 - DEBUG - Data_Model.py - write_to_logger -49832 - save temporary
2023-09-27 09:55:10,778 - DEBUG - Data_Model.py - write_to_logger -49832 - save temporary
2023-09-27 09:55:10,789 - DEBUG - Data_Model.py - write_to_logger -49832 - save temporary
2023-09-27 09:55:10,807 - DEBUG - Data_Model.py - write_to_logger -49832 - save temporary
2023-09-27 09:55:10,810 - DEBUG - Data_Model.py - write_to_logger -49832 - save temporary
2023-09-27 09:55:10,819 - DEBUG - Data_Model.py - write_to_logger -49832 - save temporary
2023-09-27 09:55:10,822 - DEBUG - Data_Model.py - write_to_logger -49832 - save temporary
2023-09-27 09:56:07,473 - DEBUG - Data_Model.py - write_to_logger -49832 - Finish experiment procedure starting.
2023-09-27 09:56:11,924 - DEBUG - Data_Model.py - write_to_logger -49832 - Finish all procedure.
2023-09-27 09:56:42,222 - DEBUG - Data_Model.py - write_to_logger -51588 - Start Data Memo Transfer.
2023-09-27 09:56:55,125 - DEBUG - Data_Model.py - write_to_logger -51588 - Log in to diamond
2023-09-27 09:56:55,126 - DEBUG - Data_Model.py - write_to_logger -51588 - Ask experiment ID to diamond
2023-09-27 09:57:02,383 - DEBUG - Data_Model.py - write_to_logger -51588 - failed to load temporary
2023-09-27 09:57:02,384 - DEBUG - Data_Model.py - write_to_logger -51588 - save temporary
2023-09-27 09:57:08,887 - DEBUG - Data_Model.py - write_to_logger -51588 - finish initialization.
2023-09-27 09:57:08,888 - DEBUG - Data_Model.py - write_to_logger -51588 - save temporary
2023-09-27 09:57:08,900 - DEBUG - Data_Model.py - write_to_logger -51588 - Start to initialize forms.
2023-09-27 09:57:08,913 - DEBUG - Data_Model.py - write_to_logger -51588 - finish initializing main window forms
2023-09-27 09:57:08,913 - DEBUG - Data_Model.py - write_to_logger -51588 - start refresh files
2023-09-27 09:57:08,914 - DEBUG - Data_Model.py - write_to_logger -51588 - Save directory: C:/Test/Share/
2023-09-27 09:57:08,976 - DEBUG - Data_Model.py - write_to_logger -51588 - save temporary
2023-09-27 09:57:08,976 - DEBUG - Data_Model.py - write_to_logger -51588 - end refresh files
2023-09-27 09:57:13,915 - DEBUG - Data_Model.py - write_to_logger -51588 - save temporary
2023-09-27 09:57:13,928 - DEBUG - Data_Model.py - write_to_logger -51588 - save temporary
2023-09-27 09:57:13,948 - DEBUG - Data_Model.py - write_to_logger -51588 - save temporary
2023-09-27 09:57:13,950 - DEBUG - Data_Model.py - write_to_logger -51588 - save temporary
2023-09-27 09:57:13,962 - DEBUG - Data_Model.py - write_to_logger -51588 - save temporary
2023-09-27 09:57:13,964 - DEBUG - Data_Model.py - write_to_logger -51588 - save temporary
2023-09-27 09:57:25,144 - DEBUG - Data_Model.py - write_to_logger -51588 - start refresh files
2023-09-27 09:57:25,145 - DEBUG - Data_Model.py - write_to_logger -51588 - Save directory: C:/Test/Share/
2023-09-27 09:57:25,212 - DEBUG - Data_Model.py - write_to_logger -51588 - save temporary
2023-09-27 09:57:25,213 - DEBUG - Data_Model.py - write_to_logger -51588 - end refresh files
2023-09-27 09:57:29,189 - DEBUG - Data_Model.py - write_to_logger -51588 - Finish experiment procedure starting.
2023-09-27 09:57:30,166 - DEBUG - Data_Model.py - write_to_logger -51588 - save temporary
2023-09-27 09:57:30,183 - DEBUG - Data_Model.py - write_to_logger -51588 - save temporary
2023-09-27 09:57:30,185 - DEBUG - Data_Model.py - write_to_logger -51588 - save temporary
2023-09-27 09:57:30,199 - DEBUG - Data_Model.py - write_to_logger -51588 - save temporary
2023-09-27 09:57:30,202 - DEBUG - Data_Model.py - write_to_logger -51588 - save temporary
2023-09-27 09:57:35,951 - DEBUG - Data_Model.py - write_to_logger -51588 - Finish all procedure.
2023-09-27 09:59:18,276 - DEBUG - Data_Model.py - write_to_logger -38088 - Start Data Memo Transfer.
2023-09-27 09:59:20,360 - DEBUG - Data_Model.py - write_to_logger -38088 - Log in to diamond
2023-09-27 09:59:20,361 - DEBUG - Data_Model.py - write_to_logger -38088 - Ask experiment ID to diamond
2023-09-27 09:59:27,941 - DEBUG - Data_Model.py - write_to_logger -38088 - load temporary
2023-09-27 09:59:27,941 - DEBUG - Data_Model.py - write_to_logger -38088 - save temporary
2023-09-27 09:59:30,230 - DEBUG - Data_Model.py - write_to_logger -38088 - finish initialization.
2023-09-27 09:59:30,232 - DEBUG - Data_Model.py - write_to_logger -38088 - save temporary
2023-09-27 09:59:30,246 - DEBUG - Data_Model.py - write_to_logger -38088 - Start to initialize forms.
2023-09-27 09:59:30,261 - DEBUG - Data_Model.py - write_to_logger -38088 - finish initializing main window forms
2023-09-27 09:59:30,261 - DEBUG - Data_Model.py - write_to_logger -38088 - start refresh files
2023-09-27 09:59:30,263 - DEBUG - Data_Model.py - write_to_logger -38088 - Save directory: C:/Test/Share/
2023-09-27 09:59:30,320 - DEBUG - Data_Model.py - write_to_logger -38088 - save temporary
2023-09-27 09:59:30,321 - DEBUG - Data_Model.py - write_to_logger -38088 - end refresh files
2023-09-27 09:59:31,577 - DEBUG - Data_Model.py - write_to_logger -38088 - Finish experiment procedure starting.
2023-09-27 09:59:35,274 - DEBUG - Data_Model.py - write_to_logger -38088 - save temporary
2023-09-27 09:59:35,276 - DEBUG - Data_Model.py - write_to_logger -38088 - save temporary
2023-09-27 09:59:35,287 - DEBUG - Data_Model.py - write_to_logger -38088 - save temporary
2023-09-27 09:59:35,308 - DEBUG - Data_Model.py - write_to_logger -38088 - save temporary
2023-09-27 09:59:35,311 - DEBUG - Data_Model.py - write_to_logger -38088 - save temporary
2023-09-27 09:59:36,059 - DEBUG - Data_Model.py - write_to_logger -38088 - Finish all procedure.
